[debug] [2020-08-23T10:40:58.505Z] ----------------------------------------------------------------------
[debug] [2020-08-23T10:40:58.517Z] Command:       C:\Program Files\nodejs\node.exe C:\Users\camil\AppData\Roaming\npm\node_modules\firebase-tools\lib\bin\firebase.js login
[debug] [2020-08-23T10:40:58.519Z] CLI Version:   8.7.0
[debug] [2020-08-23T10:40:58.520Z] Platform:      win32
[debug] [2020-08-23T10:40:58.520Z] Node Version:  v14.7.0
[debug] [2020-08-23T10:40:58.577Z] Time:          Sat Aug 22 2020 23:40:58 GMT-1100 (GMT-11:00)
[debug] [2020-08-23T10:40:58.579Z] ----------------------------------------------------------------------
[debug] [2020-08-23T10:40:58.579Z] 
[info] i  Firebase optionally collects CLI usage and error reporting information to help improve our products. Data is collected in accordance with Google's privacy policy (https://policies.google.com/privacy) and is not used to identify you.
 
[info] i  To change your data collection preference at any time, run `firebase logout` and log in again. 
[info] 
[info] Visit this URL on this device to log in:
[info] https://accounts.google.com/o/oauth2/auth?client_id=563584335869-fgrhgmd47bqnekij5i8b5pr03ho849e6.apps.googleusercontent.com&scope=email%20openid%20https%3A%2F%2Fwww.googleapis.com%2Fauth%2Fcloudplatformprojects.readonly%20https%3A%2F%2Fwww.googleapis.com%2Fauth%2Ffirebase%20https%3A%2F%2Fwww.googleapis.com%2Fauth%2Fcloud-platform&response_type=code&state=561984033&redirect_uri=http%3A%2F%2Flocalhost%3A9005
[info] 
[info] Waiting for authentication...
[debug] [2020-08-23T10:44:15.135Z] >>> HTTP REQUEST POST https://accounts.google.com/o/oauth2/token  
 {"code":"4/3QFxU4m7SINBbWUHLEchsmbu6ufl1QHTofWVCBYPTtIpGFBp-pHhqQLDyF6gfXbrccAd104RAbuM1u6NbOYHC60","client_id":"563584335869-fgrhgmd47bqnekij5i8b5pr03ho849e6.apps.googleusercontent.com","client_secret":"j9iVZfS8kkCEFUPaAeJV0sAi","redirect_uri":"http://localhost:9005","grant_type":"authorization_code"}
[debug] [2020-08-23T10:44:17.185Z] Token Fetch Error: FirebaseError: Server Error. tunneling socket could not be established, cause=connect ECONNREFUSED 127.0.0.1:80
    at Request._callback (C:\Users\camil\AppData\Roaming\npm\node_modules\firebase-tools\lib\api.js:32:31)
    at self.callback (C:\Users\camil\AppData\Roaming\npm\node_modules\firebase-tools\node_modules\request\request.js:185:22)
    at Request.emit (events.js:314:20)
    at Request.EventEmitter.emit (domain.js:486:12)
    at Request.onRequestError (C:\Users\camil\AppData\Roaming\npm\node_modules\firebase-tools\node_modules\request\request.js:877:8)
    at ClientRequest.emit (events.js:314:20)
    at ClientRequest.EventEmitter.emit (domain.js:486:12)
    at ClientRequest.onError (C:\Users\camil\AppData\Roaming\npm\node_modules\firebase-tools\node_modules\tunnel-agent\index.js:179:21)
    at Object.onceWrapper (events.js:421:26)
    at ClientRequest.emit (events.js:314:20)
    at ClientRequest.EventEmitter.emit (domain.js:486:12)
    at Socket.socketErrorListener (_http_client.js:469:9)
    at Socket.emit (events.js:314:20)
    at Socket.EventEmitter.emit (domain.js:486:12)
    at emitErrorNT (internal/streams/destroy.js:100:8)
    at emitErrorCloseNT (internal/streams/destroy.js:68:3)
